2022-01-31 13:34:23.7292 [INFO] SYSTEM	-------------------------------------------------------------------- 
2022-01-31 13:34:23.7541 [INFO] SYSTEM	Booting up server with following options: 
2022-01-31 13:34:23.7541 [INFO] SYSTEM		Log level:		Information 
2022-01-31 13:34:23.7541 [INFO] SYSTEM		Port:			6555 
2022-01-31 13:34:23.7541 [INFO] SYSTEM		URL's:			http://* 
2022-01-31 13:34:23.7541 [INFO] SYSTEM		ConfigDir:		/config 
2022-01-31 13:34:23.7541 [INFO] SYSTEM		DataDir:		/config 
2022-01-31 13:34:23.7541 [INFO] SYSTEM		LogDir:			/config/logs 
2022-01-31 13:34:23.7541 [INFO] SYSTEM		Updates enabled:	False 
2022-01-31 13:34:23.7541 [INFO] SYSTEM		Running as service:	False 
2022-01-31 13:34:23.7541 [INFO] SYSTEM	-------------------------------------------------------------------- 
2022-01-31 13:34:24.3365 [INFO] Starting Hangfire Server using job storage: 'Hangfire.MemoryStorage.MemoryStorage' 
2022-01-31 13:34:24.3377 [INFO] Using the following options for Hangfire Server:
    Worker count: 1
    Listening queues: 'main'
    Shutdown timeout: 1.00:00:00
    Schedule polling interval: 00:00:05 
2022-01-31 13:34:24.4726 [INFO] Server main server:287:4bd301b7 successfully announced in 123.0331 ms 
2022-01-31 13:34:24.4761 [INFO] Server main server:287:4bd301b7 is starting the registered dispatchers: ServerWatchdog, ServerJobCancellationWatcher, ExpirationManager, CountersAggregator, Worker, DelayedJobScheduler, RecurringJobScheduler... 
2022-01-31 13:34:24.5090 [INFO] Server main server:287:4bd301b7 all the dispatchers started 
2022-01-31 13:35:09.5533 [WARN] PING	Job not running because wizard is not finished 
2022-01-31 13:40:09.6089 [WARN] PING	Job not running because wizard is not finished 
2022-01-31 13:45:09.6582 [WARN] PING	Job not running because wizard is not finished 
2022-01-31 13:46:16.6294 [INFO] SYSTEM	-------------------------------------------------------------------- 
2022-01-31 13:46:16.6539 [INFO] SYSTEM	Booting up server with following options: 
2022-01-31 13:46:16.6539 [INFO] SYSTEM		Log level:		Information 
2022-01-31 13:46:16.6539 [INFO] SYSTEM		Port:			6555 
2022-01-31 13:46:16.6539 [INFO] SYSTEM		URL's:			http://* 
2022-01-31 13:46:16.6539 [INFO] SYSTEM		ConfigDir:		/config 
2022-01-31 13:46:16.6539 [INFO] SYSTEM		DataDir:		/config 
2022-01-31 13:46:16.6539 [INFO] SYSTEM		LogDir:			/config/logs 
2022-01-31 13:46:16.6539 [INFO] SYSTEM		Updates enabled:	False 
2022-01-31 13:46:16.6539 [INFO] SYSTEM		Running as service:	False 
2022-01-31 13:46:16.6539 [INFO] SYSTEM	-------------------------------------------------------------------- 
2022-01-31 13:46:17.2287 [INFO] Starting Hangfire Server using job storage: 'Hangfire.MemoryStorage.MemoryStorage' 
2022-01-31 13:46:17.2298 [INFO] Using the following options for Hangfire Server:
    Worker count: 1
    Listening queues: 'main'
    Shutdown timeout: 1.00:00:00
    Schedule polling interval: 00:00:05 
2022-01-31 13:46:17.3589 [INFO] Server main server:285:bce0ba3b successfully announced in 117.1505 ms 
2022-01-31 13:46:17.3679 [INFO] Server main server:285:bce0ba3b is starting the registered dispatchers: ServerWatchdog, ServerJobCancellationWatcher, ExpirationManager, CountersAggregator, Worker, DelayedJobScheduler, RecurringJobScheduler... 
2022-01-31 13:46:17.3885 [INFO] Server main server:285:bce0ba3b all the dispatchers started 
2022-01-31 13:50:17.4456 [WARN] PING	Job not running because wizard is not finished 
2022-01-31 13:55:02.5558 [WARN] PING	Job not running because wizard is not finished 
2022-01-31 14:00:02.6540 [WARN] PING	Job not running because wizard is not finished 
2022-01-31 14:05:02.7604 [WARN] PING	Job not running because wizard is not finished 
2022-01-31 14:10:02.8663 [WARN] PING	Job not running because wizard is not finished 
2022-01-31 14:15:03.0127 [WARN] PING	Job not running because wizard is not finished 
2022-01-31 14:20:03.1831 [WARN] PING	Job not running because wizard is not finished 
2022-01-31 14:25:03.2899 [WARN] PING	Job not running because wizard is not finished 
2022-01-31 14:30:03.4059 [WARN] PING	Job not running because wizard is not finished 
2022-01-31 14:33:42.3174 [INFO] SYSTEM	-------------------------------------------------------------------- 
2022-01-31 14:33:42.3553 [INFO] SYSTEM	Booting up server with following options: 
2022-01-31 14:33:42.3553 [INFO] SYSTEM		Log level:		Information 
2022-01-31 14:33:42.3553 [INFO] SYSTEM		Port:			6555 
2022-01-31 14:33:42.3553 [INFO] SYSTEM		URL's:			http://* 
2022-01-31 14:33:42.3553 [INFO] SYSTEM		ConfigDir:		/config 
2022-01-31 14:33:42.3553 [INFO] SYSTEM		DataDir:		/config 
2022-01-31 14:33:42.3553 [INFO] SYSTEM		LogDir:			/config/logs 
2022-01-31 14:33:42.3553 [INFO] SYSTEM		Updates enabled:	False 
2022-01-31 14:33:42.3553 [INFO] SYSTEM		Running as service:	False 
2022-01-31 14:33:42.3553 [INFO] SYSTEM	-------------------------------------------------------------------- 
2022-01-31 14:33:42.8025 [INFO] Starting Hangfire Server using job storage: 'Hangfire.MemoryStorage.MemoryStorage' 
2022-01-31 14:33:42.8025 [INFO] Using the following options for Hangfire Server:
    Worker count: 1
    Listening queues: 'main'
    Shutdown timeout: 1.00:00:00
    Schedule polling interval: 00:00:05 
2022-01-31 14:33:42.9071 [INFO] Server main server:288:1830d91f successfully announced in 93.5139 ms 
2022-01-31 14:33:42.9099 [INFO] Server main server:288:1830d91f is starting the registered dispatchers: ServerWatchdog, ServerJobCancellationWatcher, ExpirationManager, CountersAggregator, Worker, DelayedJobScheduler, RecurringJobScheduler... 
2022-01-31 14:33:42.9211 [INFO] Server main server:288:1830d91f all the dispatchers started 
2022-01-31 14:35:12.9980 [WARN] PING	Job not running because wizard is not finished 
2022-01-31 14:40:13.1627 [WARN] PING	Job not running because wizard is not finished 
2022-01-31 14:45:13.2429 [WARN] PING	Job not running because wizard is not finished 
2022-01-31 14:50:13.3523 [WARN] PING	Job not running because wizard is not finished 
2022-01-31 15:42:10.5909 [INFO] SYSTEM	-------------------------------------------------------------------- 
2022-01-31 15:42:10.6218 [INFO] SYSTEM	Booting up server with following options: 
2022-01-31 15:42:10.6218 [INFO] SYSTEM		Log level:		Information 
2022-01-31 15:42:10.6218 [INFO] SYSTEM		Port:			6555 
2022-01-31 15:42:10.6218 [INFO] SYSTEM		URL's:			http://* 
2022-01-31 15:42:10.6218 [INFO] SYSTEM		ConfigDir:		/config 
2022-01-31 15:42:10.6218 [INFO] SYSTEM		DataDir:		/config 
2022-01-31 15:42:10.6218 [INFO] SYSTEM		LogDir:			/config/logs 
2022-01-31 15:42:10.6218 [INFO] SYSTEM		Updates enabled:	False 
2022-01-31 15:42:10.6218 [INFO] SYSTEM		Running as service:	False 
2022-01-31 15:42:10.6218 [INFO] SYSTEM	-------------------------------------------------------------------- 
2022-01-31 15:42:11.1225 [INFO] Starting Hangfire Server using job storage: 'Hangfire.MemoryStorage.MemoryStorage' 
2022-01-31 15:42:11.1225 [INFO] Using the following options for Hangfire Server:
    Worker count: 1
    Listening queues: 'main'
    Shutdown timeout: 1.00:00:00
    Schedule polling interval: 00:00:05 
2022-01-31 15:42:11.2225 [INFO] Server main server:287:5673ba91 successfully announced in 88.3727 ms 
2022-01-31 15:42:11.2253 [INFO] Server main server:287:5673ba91 is starting the registered dispatchers: ServerWatchdog, ServerJobCancellationWatcher, ExpirationManager, CountersAggregator, Worker, DelayedJobScheduler, RecurringJobScheduler... 
2022-01-31 15:42:11.2456 [INFO] Server main server:287:5673ba91 all the dispatchers started 
2022-01-31 15:44:11.8554 [WARN] ACCOUNT	User registration not allowed 
2022-01-31 15:44:11.8554 [WARN] ACCOUNT	This is because there is already an admin user in the database but the identity is not authenticated. (You can't create a second admin user via the wizard flow, this is probably what happened) 
2022-01-31 15:44:18.9562 [ERROR] An unhandled error occurred. System.NullReferenceException: Object reference not set to an instance of an object.
   at EmbyStat.Controllers.MapProfiles.<>c.<.ctor>b__0_4(FullSettingsViewModel src, UserSettings dest)
   at lambda_method874(Closure , Object , UserSettings , ResolutionContext )
   at AutoMapper.Mapper.MapCore[TSource,TDestination](TSource source, TDestination destination, ResolutionContext context, Type sourceType, Type destinationType, IMemberMap memberMap)
   at AutoMapper.Mapper.Map[TSource,TDestination](TSource source, TDestination destination)
   at AutoMapper.Mapper.Map[TDestination](Object source)
   at EmbyStat.Controllers.Settings.SettingsController.Update(FullSettingsViewModel userSettings)
   at Microsoft.AspNetCore.Mvc.Infrastructure.ActionMethodExecutor.TaskOfIActionResultExecutor.Execute(IActionResultTypeMapper mapper, ObjectMethodExecutor executor, Object controller, Object[] arguments)
   at Microsoft.AspNetCore.Mvc.Infrastructure.ControllerActionInvoker.<InvokeActionMethodAsync>g__Awaited|12_0(ControllerActionInvoker invoker, ValueTask`1 actionResultValueTask)
   at Microsoft.AspNetCore.Mvc.Infrastructure.ControllerActionInvoker.<InvokeNextActionFilterAsync>g__Awaited|10_0(ControllerActionInvoker invoker, Task lastTask, State next, Scope scope, Object state, Boolean isCompleted)
   at Microsoft.AspNetCore.Mvc.Infrastructure.ControllerActionInvoker.Rethrow(ActionExecutedContextSealed context)
   at Microsoft.AspNetCore.Mvc.Infrastructure.ControllerActionInvoker.Next(State& next, Scope& scope, Object& state, Boolean& isCompleted)
   at Microsoft.AspNetCore.Mvc.Infrastructure.ControllerActionInvoker.InvokeInnerFilterAsync()
--- End of stack trace from previous location ---
   at Microsoft.AspNetCore.Mvc.Infrastructure.ResourceInvoker.<InvokeNextExceptionFilterAsync>g__Awaited|25_0(ResourceInvoker invoker, Task lastTask, State next, Scope scope, Object state, Boolean isCompleted)
2022-01-31 15:45:11.2808 [WARN] PING	Job not running because wizard is not finished 
2022-01-31 15:46:37.9946 [ERROR] An unhandled error occurred. System.NullReferenceException: Object reference not set to an instance of an object.
   at EmbyStat.Controllers.MapProfiles.<>c.<.ctor>b__0_4(FullSettingsViewModel src, UserSettings dest)
   at lambda_method874(Closure , Object , UserSettings , ResolutionContext )
   at AutoMapper.Mapper.MapCore[TSource,TDestination](TSource source, TDestination destination, ResolutionContext context, Type sourceType, Type destinationType, IMemberMap memberMap)
   at AutoMapper.Mapper.Map[TSource,TDestination](TSource source, TDestination destination)
   at AutoMapper.Mapper.Map[TDestination](Object source)
   at EmbyStat.Controllers.Settings.SettingsController.Update(FullSettingsViewModel userSettings)
   at Microsoft.AspNetCore.Mvc.Infrastructure.ActionMethodExecutor.TaskOfIActionResultExecutor.Execute(IActionResultTypeMapper mapper, ObjectMethodExecutor executor, Object controller, Object[] arguments)
   at Microsoft.AspNetCore.Mvc.Infrastructure.ControllerActionInvoker.<InvokeActionMethodAsync>g__Awaited|12_0(ControllerActionInvoker invoker, ValueTask`1 actionResultValueTask)
   at Microsoft.AspNetCore.Mvc.Infrastructure.ControllerActionInvoker.<InvokeNextActionFilterAsync>g__Awaited|10_0(ControllerActionInvoker invoker, Task lastTask, State next, Scope scope, Object state, Boolean isCompleted)
   at Microsoft.AspNetCore.Mvc.Infrastructure.ControllerActionInvoker.Rethrow(ActionExecutedContextSealed context)
   at Microsoft.AspNetCore.Mvc.Infrastructure.ControllerActionInvoker.Next(State& next, Scope& scope, Object& state, Boolean& isCompleted)
   at Microsoft.AspNetCore.Mvc.Infrastructure.ControllerActionInvoker.InvokeInnerFilterAsync()
--- End of stack trace from previous location ---
   at Microsoft.AspNetCore.Mvc.Infrastructure.ResourceInvoker.<InvokeNextExceptionFilterAsync>g__Awaited|25_0(ResourceInvoker invoker, Task lastTask, State next, Scope scope, Object state, Boolean isCompleted)
2022-01-31 15:50:11.4262 [WARN] PING	Job not running because wizard is not finished 
2022-01-31 15:55:11.5462 [WARN] PING	Job not running because wizard is not finished 
2022-01-31 16:00:11.6436 [WARN] PING	Job not running because wizard is not finished 
2022-01-31 16:05:11.7547 [WARN] PING	Job not running because wizard is not finished 
2022-01-31 16:10:11.8684 [WARN] PING	Job not running because wizard is not finished 
2022-01-31 16:15:11.9553 [WARN] PING	Job not running because wizard is not finished 
2022-01-31 16:20:12.0815 [WARN] PING	Job not running because wizard is not finished 
2022-01-31 16:25:12.2115 [WARN] PING	Job not running because wizard is not finished 
2022-01-31 16:30:12.3327 [WARN] PING	Job not running because wizard is not finished 
2022-01-31 16:35:12.4482 [WARN] PING	Job not running because wizard is not finished 
2022-01-31 16:40:12.5710 [WARN] PING	Job not running because wizard is not finished 
2022-01-31 16:45:12.6937 [WARN] PING	Job not running because wizard is not finished 
2022-01-31 16:50:12.8058 [WARN] PING	Job not running because wizard is not finished 
2022-01-31 16:55:12.8973 [WARN] PING	Job not running because wizard is not finished 
2022-01-31 17:00:13.0933 [WARN] PING	Job not running because wizard is not finished 
2022-01-31 17:05:13.2232 [WARN] PING	Job not running because wizard is not finished 
2022-01-31 17:10:13.3238 [WARN] PING	Job not running because wizard is not finished 
2022-01-31 17:15:13.4334 [WARN] PING	Job not running because wizard is not finished 
2022-01-31 17:20:13.5382 [WARN] PING	Job not running because wizard is not finished 
2022-01-31 17:24:11.1942 [ERROR] An unhandled error occurred. System.NullReferenceException: Object reference not set to an instance of an object.
   at EmbyStat.Controllers.MapProfiles.<>c.<.ctor>b__0_4(FullSettingsViewModel src, UserSettings dest)
   at lambda_method874(Closure , Object , UserSettings , ResolutionContext )
   at AutoMapper.Mapper.MapCore[TSource,TDestination](TSource source, TDestination destination, ResolutionContext context, Type sourceType, Type destinationType, IMemberMap memberMap)
   at AutoMapper.Mapper.Map[TSource,TDestination](TSource source, TDestination destination)
   at AutoMapper.Mapper.Map[TDestination](Object source)
   at EmbyStat.Controllers.Settings.SettingsController.Update(FullSettingsViewModel userSettings)
   at Microsoft.AspNetCore.Mvc.Infrastructure.ActionMethodExecutor.TaskOfIActionResultExecutor.Execute(IActionResultTypeMapper mapper, ObjectMethodExecutor executor, Object controller, Object[] arguments)
   at Microsoft.AspNetCore.Mvc.Infrastructure.ControllerActionInvoker.<InvokeActionMethodAsync>g__Awaited|12_0(ControllerActionInvoker invoker, ValueTask`1 actionResultValueTask)
   at Microsoft.AspNetCore.Mvc.Infrastructure.ControllerActionInvoker.<InvokeNextActionFilterAsync>g__Awaited|10_0(ControllerActionInvoker invoker, Task lastTask, State next, Scope scope, Object state, Boolean isCompleted)
   at Microsoft.AspNetCore.Mvc.Infrastructure.ControllerActionInvoker.Rethrow(ActionExecutedContextSealed context)
   at Microsoft.AspNetCore.Mvc.Infrastructure.ControllerActionInvoker.Next(State& next, Scope& scope, Object& state, Boolean& isCompleted)
   at Microsoft.AspNetCore.Mvc.Infrastructure.ControllerActionInvoker.InvokeInnerFilterAsync()
--- End of stack trace from previous location ---
   at Microsoft.AspNetCore.Mvc.Infrastructure.ResourceInvoker.<InvokeNextExceptionFilterAsync>g__Awaited|25_0(ResourceInvoker invoker, Task lastTask, State next, Scope scope, Object state, Boolean isCompleted)
2022-01-31 17:24:38.0277 [INFO] SYSTEM	-------------------------------------------------------------------- 
2022-01-31 17:24:38.0526 [INFO] SYSTEM	Booting up server with following options: 
2022-01-31 17:24:38.0531 [INFO] SYSTEM		Log level:		Information 
2022-01-31 17:24:38.0531 [INFO] SYSTEM		Port:			6555 
2022-01-31 17:24:38.0531 [INFO] SYSTEM		URL's:			http://* 
2022-01-31 17:24:38.0531 [INFO] SYSTEM		ConfigDir:		/config 
2022-01-31 17:24:38.0531 [INFO] SYSTEM		DataDir:		/config 
2022-01-31 17:24:38.0531 [INFO] SYSTEM		LogDir:			/config/logs 
2022-01-31 17:24:38.0531 [INFO] SYSTEM		Updates enabled:	False 
2022-01-31 17:24:38.0531 [INFO] SYSTEM		Running as service:	False 
2022-01-31 17:24:38.0531 [INFO] SYSTEM	-------------------------------------------------------------------- 
2022-01-31 17:24:38.5126 [INFO] Starting Hangfire Server using job storage: 'Hangfire.MemoryStorage.MemoryStorage' 
2022-01-31 17:24:38.5136 [INFO] Using the following options for Hangfire Server:
    Worker count: 1
    Listening queues: 'main'
    Shutdown timeout: 1.00:00:00
    Schedule polling interval: 00:00:05 
2022-01-31 17:24:38.6107 [INFO] Server main server:288:58fac2f7 successfully announced in 87.4958 ms 
2022-01-31 17:24:38.6135 [INFO] Server main server:288:58fac2f7 is starting the registered dispatchers: ServerWatchdog, ServerJobCancellationWatcher, ExpirationManager, CountersAggregator, Worker, DelayedJobScheduler, RecurringJobScheduler... 
2022-01-31 17:24:38.6254 [INFO] Server main server:288:58fac2f7 all the dispatchers started 
2022-01-31 17:25:08.6770 [WARN] PING	Job not running because wizard is not finished 
2022-01-31 17:30:08.7713 [WARN] PING	Job not running because wizard is not finished 
2022-01-31 17:35:08.8543 [WARN] PING	Job not running because wizard is not finished 
2022-01-31 17:40:08.9516 [WARN] PING	Job not running because wizard is not finished 
2022-01-31 17:40:44.3437 [INFO] SYSTEM	-------------------------------------------------------------------- 
2022-01-31 17:40:44.4164 [INFO] SYSTEM	Booting up server with following options: 
2022-01-31 17:40:44.4172 [INFO] SYSTEM		Log level:		Information 
2022-01-31 17:40:44.4172 [INFO] SYSTEM		Port:			6555 
2022-01-31 17:40:44.4172 [INFO] SYSTEM		URL's:			http://* 
2022-01-31 17:40:44.4172 [INFO] SYSTEM		ConfigDir:		/config 
2022-01-31 17:40:44.4172 [INFO] SYSTEM		DataDir:		/config 
2022-01-31 17:40:44.4172 [INFO] SYSTEM		LogDir:			/config/logs 
2022-01-31 17:40:44.4172 [INFO] SYSTEM		Updates enabled:	False 
2022-01-31 17:40:44.4172 [INFO] SYSTEM		Running as service:	False 
2022-01-31 17:40:44.4172 [INFO] SYSTEM	-------------------------------------------------------------------- 
2022-01-31 17:40:45.2500 [INFO] Starting Hangfire Server using job storage: 'Hangfire.MemoryStorage.MemoryStorage' 
2022-01-31 17:40:45.2500 [INFO] Using the following options for Hangfire Server:
    Worker count: 1
    Listening queues: 'main'
    Shutdown timeout: 1.00:00:00
    Schedule polling interval: 00:00:05 
2022-01-31 17:40:45.4075 [INFO] Server main server:296:b62f1e2b successfully announced in 138.4715 ms 
2022-01-31 17:40:45.4197 [INFO] Server main server:296:b62f1e2b is starting the registered dispatchers: ServerWatchdog, ServerJobCancellationWatcher, ExpirationManager, CountersAggregator, Worker, DelayedJobScheduler, RecurringJobScheduler... 
2022-01-31 17:40:45.4807 [INFO] Server main server:296:b62f1e2b all the dispatchers started 
2022-01-31 17:45:15.5360 [WARN] PING	Job not running because wizard is not finished 
2022-01-31 17:50:15.6059 [WARN] PING	Job not running because wizard is not finished 
2022-01-31 17:55:00.6623 [WARN] PING	Job not running because wizard is not finished 
2022-01-31 18:00:00.7173 [WARN] PING	Job not running because wizard is not finished 
2022-01-31 18:05:00.8029 [WARN] PING	Job not running because wizard is not finished 
2022-01-31 18:10:00.8686 [WARN] PING	Job not running because wizard is not finished 
2022-01-31 18:15:00.9497 [WARN] PING	Job not running because wizard is not finished 
2022-01-31 18:20:01.1092 [WARN] PING	Job not running because wizard is not finished 
2022-01-31 18:25:01.1891 [WARN] PING	Job not running because wizard is not finished 
2022-01-31 18:30:01.2499 [WARN] PING	Job not running because wizard is not finished 
2022-01-31 18:35:01.3538 [WARN] PING	Job not running because wizard is not finished 
2022-01-31 18:40:01.4311 [WARN] PING	Job not running because wizard is not finished 
2022-01-31 18:45:01.5314 [WARN] PING	Job not running because wizard is not finished 
2022-01-31 18:50:01.6372 [WARN] PING	Job not running because wizard is not finished 
2022-01-31 18:55:01.6738 [WARN] PING	Job not running because wizard is not finished 
2022-01-31 19:00:01.7415 [WARN] PING	Job not running because wizard is not finished 
2022-01-31 19:05:01.8048 [WARN] PING	Job not running because wizard is not finished 
2022-01-31 19:10:01.8700 [WARN] PING	Job not running because wizard is not finished 
2022-01-31 19:15:01.9396 [WARN] PING	Job not running because wizard is not finished 
2022-01-31 19:20:02.0278 [WARN] PING	Job not running because wizard is not finished 
2022-01-31 19:25:02.1348 [WARN] PING	Job not running because wizard is not finished 
2022-01-31 19:30:02.1828 [WARN] PING	Job not running because wizard is not finished 
2022-01-31 19:35:02.3037 [WARN] PING	Job not running because wizard is not finished 
2022-01-31 19:39:36.3956 [ERROR] An unhandled error occurred. System.NullReferenceException: Object reference not set to an instance of an object.
   at EmbyStat.Controllers.MapProfiles.<>c.<.ctor>b__0_4(FullSettingsViewModel src, UserSettings dest)
   at lambda_method800(Closure , Object , UserSettings , ResolutionContext )
   at AutoMapper.Mapper.MapCore[TSource,TDestination](TSource source, TDestination destination, ResolutionContext context, Type sourceType, Type destinationType, IMemberMap memberMap)
   at AutoMapper.Mapper.Map[TSource,TDestination](TSource source, TDestination destination)
   at AutoMapper.Mapper.Map[TDestination](Object source)
   at EmbyStat.Controllers.Settings.SettingsController.Update(FullSettingsViewModel userSettings)
   at Microsoft.AspNetCore.Mvc.Infrastructure.ActionMethodExecutor.TaskOfIActionResultExecutor.Execute(IActionResultTypeMapper mapper, ObjectMethodExecutor executor, Object controller, Object[] arguments)
   at Microsoft.AspNetCore.Mvc.Infrastructure.ControllerActionInvoker.<InvokeActionMethodAsync>g__Awaited|12_0(ControllerActionInvoker invoker, ValueTask`1 actionResultValueTask)
   at Microsoft.AspNetCore.Mvc.Infrastructure.ControllerActionInvoker.<InvokeNextActionFilterAsync>g__Awaited|10_0(ControllerActionInvoker invoker, Task lastTask, State next, Scope scope, Object state, Boolean isCompleted)
   at Microsoft.AspNetCore.Mvc.Infrastructure.ControllerActionInvoker.Rethrow(ActionExecutedContextSealed context)
   at Microsoft.AspNetCore.Mvc.Infrastructure.ControllerActionInvoker.Next(State& next, Scope& scope, Object& state, Boolean& isCompleted)
   at Microsoft.AspNetCore.Mvc.Infrastructure.ControllerActionInvoker.InvokeInnerFilterAsync()
--- End of stack trace from previous location ---
   at Microsoft.AspNetCore.Mvc.Infrastructure.ResourceInvoker.<InvokeNextExceptionFilterAsync>g__Awaited|25_0(ResourceInvoker invoker, Task lastTask, State next, Scope scope, Object state, Boolean isCompleted)
2022-01-31 19:40:02.3854 [WARN] PING	Job not running because wizard is not finished 
2022-01-31 19:45:02.5037 [WARN] PING	Job not running because wizard is not finished 
2022-01-31 19:50:02.6068 [WARN] PING	Job not running because wizard is not finished 
2022-01-31 19:55:02.7341 [WARN] PING	Job not running because wizard is not finished 
2022-01-31 20:00:02.8623 [WARN] PING	Job not running because wizard is not finished 
2022-01-31 20:05:03.0413 [WARN] PING	Job not running because wizard is not finished 
2022-01-31 20:10:03.1933 [WARN] PING	Job not running because wizard is not finished 
2022-01-31 20:15:03.4126 [WARN] PING	Job not running because wizard is not finished 
2022-01-31 20:20:03.5146 [WARN] PING	Job not running because wizard is not finished 
2022-01-31 20:25:03.6399 [WARN] PING	Job not running because wizard is not finished 
2022-01-31 20:30:03.7564 [WARN] PING	Job not running because wizard is not finished 
2022-01-31 20:35:03.8748 [WARN] PING	Job not running because wizard is not finished 
2022-01-31 20:40:03.9930 [WARN] PING	Job not running because wizard is not finished 
2022-01-31 20:45:04.1036 [WARN] PING	Job not running because wizard is not finished 
2022-01-31 20:50:04.2377 [WARN] PING	Job not running because wizard is not finished 
2022-01-31 20:51:49.1691 [ERROR] An unhandled error occurred. System.NullReferenceException: Object reference not set to an instance of an object.
   at EmbyStat.Controllers.MapProfiles.<>c.<.ctor>b__0_4(FullSettingsViewModel src, UserSettings dest)
   at lambda_method800(Closure , Object , UserSettings , ResolutionContext )
   at AutoMapper.Mapper.MapCore[TSource,TDestination](TSource source, TDestination destination, ResolutionContext context, Type sourceType, Type destinationType, IMemberMap memberMap)
   at AutoMapper.Mapper.Map[TSource,TDestination](TSource source, TDestination destination)
   at AutoMapper.Mapper.Map[TDestination](Object source)
   at EmbyStat.Controllers.Settings.SettingsController.Update(FullSettingsViewModel userSettings)
   at Microsoft.AspNetCore.Mvc.Infrastructure.ActionMethodExecutor.TaskOfIActionResultExecutor.Execute(IActionResultTypeMapper mapper, ObjectMethodExecutor executor, Object controller, Object[] arguments)
   at Microsoft.AspNetCore.Mvc.Infrastructure.ControllerActionInvoker.<InvokeActionMethodAsync>g__Awaited|12_0(ControllerActionInvoker invoker, ValueTask`1 actionResultValueTask)
   at Microsoft.AspNetCore.Mvc.Infrastructure.ControllerActionInvoker.<InvokeNextActionFilterAsync>g__Awaited|10_0(ControllerActionInvoker invoker, Task lastTask, State next, Scope scope, Object state, Boolean isCompleted)
   at Microsoft.AspNetCore.Mvc.Infrastructure.ControllerActionInvoker.Rethrow(ActionExecutedContextSealed context)
   at Microsoft.AspNetCore.Mvc.Infrastructure.ControllerActionInvoker.Next(State& next, Scope& scope, Object& state, Boolean& isCompleted)
   at Microsoft.AspNetCore.Mvc.Infrastructure.ControllerActionInvoker.InvokeInnerFilterAsync()
--- End of stack trace from previous location ---
   at Microsoft.AspNetCore.Mvc.Infrastructure.ResourceInvoker.<InvokeNextExceptionFilterAsync>g__Awaited|25_0(ResourceInvoker invoker, Task lastTask, State next, Scope scope, Object state, Boolean isCompleted)
2022-01-31 20:55:04.3479 [WARN] PING	Job not running because wizard is not finished 
2022-01-31 21:00:04.4562 [WARN] PING	Job not running because wizard is not finished 
2022-01-31 21:05:04.5788 [WARN] PING	Job not running because wizard is not finished 
2022-01-31 21:10:04.6915 [WARN] PING	Job not running because wizard is not finished 
2022-01-31 21:15:04.7991 [WARN] PING	Job not running because wizard is not finished 
2022-01-31 21:20:04.9200 [WARN] PING	Job not running because wizard is not finished 
2022-01-31 21:25:05.2098 [WARN] PING	Job not running because wizard is not finished 
2022-01-31 21:30:05.3074 [WARN] PING	Job not running because wizard is not finished 
2022-01-31 21:35:05.4262 [WARN] PING	Job not running because wizard is not finished 
2022-01-31 21:40:05.5809 [WARN] PING	Job not running because wizard is not finished 
2022-01-31 21:45:05.7560 [WARN] PING	Job not running because wizard is not finished 
2022-01-31 21:50:05.8536 [WARN] PING	Job not running because wizard is not finished 
2022-01-31 21:55:05.9640 [WARN] PING	Job not running because wizard is not finished 
2022-01-31 22:00:06.1152 [WARN] PING	Job not running because wizard is not finished 
2022-01-31 22:05:06.2939 [WARN] PING	Job not running because wizard is not finished 
2022-01-31 22:10:06.4127 [WARN] PING	Job not running because wizard is not finished 
2022-01-31 22:15:06.5273 [WARN] PING	Job not running because wizard is not finished 
2022-01-31 22:20:06.6408 [WARN] PING	Job not running because wizard is not finished 
2022-01-31 22:25:06.7578 [WARN] PING	Job not running because wizard is not finished 
2022-01-31 22:30:06.8533 [WARN] PING	Job not running because wizard is not finished 
2022-01-31 22:35:06.9849 [WARN] PING	Job not running because wizard is not finished 
2022-01-31 22:40:07.1651 [WARN] PING	Job not running because wizard is not finished 
2022-01-31 22:45:07.2601 [WARN] PING	Job not running because wizard is not finished 
2022-01-31 22:50:07.3584 [WARN] PING	Job not running because wizard is not finished 
2022-01-31 22:55:07.4602 [WARN] PING	Job not running because wizard is not finished 
2022-01-31 23:00:07.5738 [WARN] PING	Job not running because wizard is not finished 
2022-01-31 23:05:07.6852 [WARN] PING	Job not running because wizard is not finished 
2022-01-31 23:10:07.8095 [WARN] PING	Job not running because wizard is not finished 
2022-01-31 23:15:07.9895 [WARN] PING	Job not running because wizard is not finished 
2022-01-31 23:20:08.0929 [WARN] PING	Job not running because wizard is not finished 
2022-01-31 23:25:08.2194 [WARN] PING	Job not running because wizard is not finished 
2022-01-31 23:30:08.3289 [WARN] PING	Job not running because wizard is not finished 
2022-01-31 23:35:08.5176 [WARN] PING	Job not running because wizard is not finished 
2022-01-31 23:40:08.6264 [WARN] PING	Job not running because wizard is not finished 
2022-01-31 23:45:08.7585 [WARN] PING	Job not running because wizard is not finished 
2022-01-31 23:50:08.8875 [WARN] PING	Job not running because wizard is not finished 
2022-01-31 23:55:09.0886 [WARN] PING	Job not running because wizard is not finished 
