2022-02-01 00:00:09.2357 [WARN] PING	Job not running because wizard is not finished 
2022-02-01 00:05:09.3141 [WARN] PING	Job not running because wizard is not finished 
2022-02-01 00:10:09.4210 [WARN] PING	Job not running because wizard is not finished 
2022-02-01 00:15:09.5515 [WARN] PING	Job not running because wizard is not finished 
2022-02-01 00:20:09.6812 [WARN] PING	Job not running because wizard is not finished 
2022-02-01 00:25:10.1009 [WARN] PING	Job not running because wizard is not finished 
2022-02-01 00:30:10.2063 [WARN] PING	Job not running because wizard is not finished 
2022-02-01 00:35:10.3251 [WARN] PING	Job not running because wizard is not finished 
2022-02-01 00:40:10.4778 [WARN] PING	Job not running because wizard is not finished 
2022-02-01 00:45:10.6043 [WARN] PING	Job not running because wizard is not finished 
2022-02-01 00:50:10.7085 [WARN] PING	Job not running because wizard is not finished 
2022-02-01 00:55:10.8215 [WARN] PING	Job not running because wizard is not finished 
2022-02-01 01:00:10.9388 [WARN] PING	Job not running because wizard is not finished 
2022-02-01 01:05:11.1452 [WARN] PING	Job not running because wizard is not finished 
2022-02-01 01:10:11.2538 [WARN] PING	Job not running because wizard is not finished 
2022-02-01 01:15:11.3959 [WARN] PING	Job not running because wizard is not finished 
2022-02-01 01:20:11.5043 [WARN] PING	Job not running because wizard is not finished 
2022-02-01 01:25:11.6475 [WARN] PING	Job not running because wizard is not finished 
2022-02-01 01:30:11.7661 [WARN] PING	Job not running because wizard is not finished 
2022-02-01 01:35:11.9070 [WARN] PING	Job not running because wizard is not finished 
2022-02-01 01:40:12.0791 [WARN] PING	Job not running because wizard is not finished 
2022-02-01 01:45:12.2038 [WARN] PING	Job not running because wizard is not finished 
2022-02-01 01:50:12.3177 [WARN] PING	Job not running because wizard is not finished 
2022-02-01 01:55:12.5574 [WARN] PING	Job not running because wizard is not finished 
2022-02-01 02:00:12.9033 [WARN] PING	Job not running because wizard is not finished 
2022-02-01 02:00:13.0879 [WARN] SYSTEM-SYNC	Job not running because wizard is not finished 
2022-02-01 02:05:13.2265 [WARN] PING	Job not running because wizard is not finished 
2022-02-01 02:10:13.3249 [WARN] PING	Job not running because wizard is not finished 
2022-02-01 02:15:13.4258 [WARN] PING	Job not running because wizard is not finished 
2022-02-01 02:20:13.5346 [WARN] PING	Job not running because wizard is not finished 
2022-02-01 02:25:13.6680 [WARN] PING	Job not running because wizard is not finished 
2022-02-01 02:30:13.7853 [WARN] PING	Job not running because wizard is not finished 
2022-02-01 02:35:13.8974 [WARN] PING	Job not running because wizard is not finished 
2022-02-01 02:40:14.0131 [WARN] PING	Job not running because wizard is not finished 
2022-02-01 02:45:14.1250 [WARN] PING	Job not running because wizard is not finished 
2022-02-01 02:50:14.2740 [WARN] PING	Job not running because wizard is not finished 
2022-02-01 02:55:14.3788 [WARN] PING	Job not running because wizard is not finished 
2022-02-01 03:00:14.5227 [WARN] PING	Job not running because wizard is not finished 
2022-02-01 03:00:14.6085 [WARN] MOVIE-SYNC	Job not running because wizard is not finished 
2022-02-01 03:00:14.7242 [WARN] SHOW-SYNC	Job not running because wizard is not finished 
2022-02-01 03:05:14.8727 [WARN] PING	Job not running because wizard is not finished 
2022-02-01 03:10:15.0412 [WARN] PING	Job not running because wizard is not finished 
2022-02-01 03:15:15.2058 [WARN] PING	Job not running because wizard is not finished 
2022-02-01 03:20:15.3222 [WARN] PING	Job not running because wizard is not finished 
2022-02-01 03:25:15.4558 [WARN] PING	Job not running because wizard is not finished 
2022-02-01 03:30:15.5828 [WARN] PING	Job not running because wizard is not finished 
2022-02-01 03:35:15.6984 [WARN] PING	Job not running because wizard is not finished 
2022-02-01 03:40:15.8051 [WARN] PING	Job not running because wizard is not finished 
2022-02-01 03:45:15.9135 [WARN] PING	Job not running because wizard is not finished 
2022-02-01 03:50:16.0462 [WARN] PING	Job not running because wizard is not finished 
2022-02-01 03:55:16.1591 [WARN] PING	Job not running because wizard is not finished 
2022-02-01 04:00:16.2892 [WARN] PING	Job not running because wizard is not finished 
2022-02-01 04:00:16.7484 [WARN] DATABASE-CLEANUP	Job not running because wizard is not finished 
2022-02-01 04:05:16.9817 [WARN] PING	Job not running because wizard is not finished 
2022-02-01 04:10:02.1729 [WARN] PING	Job not running because wizard is not finished 
2022-02-01 04:15:02.3368 [WARN] PING	Job not running because wizard is not finished 
2022-02-01 04:20:02.4432 [WARN] PING	Job not running because wizard is not finished 
2022-02-01 04:25:02.5804 [WARN] PING	Job not running because wizard is not finished 
2022-02-01 04:30:02.7006 [WARN] PING	Job not running because wizard is not finished 
2022-02-01 04:35:02.8238 [WARN] PING	Job not running because wizard is not finished 
2022-02-01 04:40:02.9562 [WARN] PING	Job not running because wizard is not finished 
2022-02-01 04:45:03.1587 [WARN] PING	Job not running because wizard is not finished 
2022-02-01 04:50:03.2408 [WARN] PING	Job not running because wizard is not finished 
2022-02-01 04:55:03.4783 [WARN] PING	Job not running because wizard is not finished 
2022-02-01 05:00:03.9012 [WARN] PING	Job not running because wizard is not finished 
2022-02-01 05:05:04.2804 [WARN] PING	Job not running because wizard is not finished 
2022-02-01 05:10:04.3991 [WARN] PING	Job not running because wizard is not finished 
2022-02-01 05:15:04.5299 [WARN] PING	Job not running because wizard is not finished 
2022-02-01 05:20:04.6664 [WARN] PING	Job not running because wizard is not finished 
2022-02-01 05:25:04.7910 [WARN] PING	Job not running because wizard is not finished 
2022-02-01 05:30:04.8997 [WARN] PING	Job not running because wizard is not finished 
2022-02-01 05:35:05.0448 [WARN] PING	Job not running because wizard is not finished 
2022-02-01 05:40:05.1737 [WARN] PING	Job not running because wizard is not finished 
2022-02-01 05:45:05.2848 [WARN] PING	Job not running because wizard is not finished 
2022-02-01 05:50:05.4069 [WARN] PING	Job not running because wizard is not finished 
2022-02-01 05:55:05.5139 [WARN] PING	Job not running because wizard is not finished 
2022-02-01 06:00:05.6284 [WARN] PING	Job not running because wizard is not finished 
2022-02-01 06:05:05.7392 [WARN] PING	Job not running because wizard is not finished 
2022-02-01 06:10:05.8516 [WARN] PING	Job not running because wizard is not finished 
2022-02-01 06:15:06.0043 [WARN] PING	Job not running because wizard is not finished 
2022-02-01 06:20:06.1251 [WARN] PING	Job not running because wizard is not finished 
2022-02-01 06:25:06.2363 [WARN] PING	Job not running because wizard is not finished 
2022-02-01 06:30:06.3673 [WARN] PING	Job not running because wizard is not finished 
2022-02-01 06:35:06.4842 [WARN] PING	Job not running because wizard is not finished 
2022-02-01 06:40:06.5939 [WARN] PING	Job not running because wizard is not finished 
2022-02-01 06:45:06.6995 [WARN] PING	Job not running because wizard is not finished 
2022-02-01 06:50:06.8093 [WARN] PING	Job not running because wizard is not finished 
2022-02-01 06:55:06.9123 [WARN] PING	Job not running because wizard is not finished 
2022-02-01 07:00:07.1038 [WARN] PING	Job not running because wizard is not finished 
2022-02-01 07:05:07.2463 [WARN] PING	Job not running because wizard is not finished 
2022-02-01 07:10:07.3397 [WARN] PING	Job not running because wizard is not finished 
2022-02-01 07:15:07.5034 [WARN] PING	Job not running because wizard is not finished 
2022-02-01 07:20:07.6175 [WARN] PING	Job not running because wizard is not finished 
2022-02-01 07:25:07.7348 [WARN] PING	Job not running because wizard is not finished 
2022-02-01 07:30:07.8420 [WARN] PING	Job not running because wizard is not finished 
2022-02-01 07:35:07.9704 [WARN] PING	Job not running because wizard is not finished 
2022-02-01 07:40:08.0886 [WARN] PING	Job not running because wizard is not finished 
2022-02-01 07:45:08.1741 [WARN] PING	Job not running because wizard is not finished 
2022-02-01 07:50:08.2972 [WARN] PING	Job not running because wizard is not finished 
2022-02-01 07:55:08.5358 [WARN] PING	Job not running because wizard is not finished 
2022-02-01 08:00:08.9116 [WARN] PING	Job not running because wizard is not finished 
2022-02-01 08:05:09.0987 [WARN] PING	Job not running because wizard is not finished 
2022-02-01 08:10:09.2288 [WARN] PING	Job not running because wizard is not finished 
2022-02-01 08:15:09.3788 [WARN] PING	Job not running because wizard is not finished 
2022-02-01 08:20:09.4847 [WARN] PING	Job not running because wizard is not finished 
2022-02-01 08:25:09.5974 [WARN] PING	Job not running because wizard is not finished 
2022-02-01 08:30:09.6943 [WARN] PING	Job not running because wizard is not finished 
2022-02-01 08:35:09.8149 [WARN] PING	Job not running because wizard is not finished 
2022-02-01 08:40:09.9296 [WARN] PING	Job not running because wizard is not finished 
2022-02-01 08:45:10.1048 [WARN] PING	Job not running because wizard is not finished 
2022-02-01 08:50:10.2423 [WARN] PING	Job not running because wizard is not finished 
2022-02-01 08:55:10.3925 [WARN] PING	Job not running because wizard is not finished 
2022-02-01 09:00:10.5105 [WARN] PING	Job not running because wizard is not finished 
2022-02-01 09:05:10.6538 [WARN] PING	Job not running because wizard is not finished 
2022-02-01 09:10:10.7704 [WARN] PING	Job not running because wizard is not finished 
2022-02-01 09:15:10.8838 [WARN] PING	Job not running because wizard is not finished 
2022-02-01 09:20:11.0332 [WARN] PING	Job not running because wizard is not finished 
2022-02-01 09:25:11.2411 [WARN] PING	Job not running because wizard is not finished 
2022-02-01 09:30:11.3624 [WARN] PING	Job not running because wizard is not finished 
2022-02-01 09:35:11.4696 [WARN] PING	Job not running because wizard is not finished 
2022-02-01 09:40:11.5791 [WARN] PING	Job not running because wizard is not finished 
2022-02-01 09:45:11.6847 [WARN] PING	Job not running because wizard is not finished 
2022-02-01 09:50:11.8011 [WARN] PING	Job not running because wizard is not finished 
2022-02-01 09:55:11.9043 [WARN] PING	Job not running because wizard is not finished 
2022-02-01 10:00:12.0118 [WARN] PING	Job not running because wizard is not finished 
2022-02-01 10:05:12.1414 [WARN] PING	Job not running because wizard is not finished 
2022-02-01 10:10:12.2555 [WARN] PING	Job not running because wizard is not finished 
2022-02-01 10:15:12.3691 [WARN] PING	Job not running because wizard is not finished 
2022-02-01 10:20:12.4980 [WARN] PING	Job not running because wizard is not finished 
2022-02-01 10:25:12.6300 [WARN] PING	Job not running because wizard is not finished 
2022-02-01 10:30:12.7611 [WARN] PING	Job not running because wizard is not finished 
2022-02-01 10:35:12.8752 [WARN] PING	Job not running because wizard is not finished 
2022-02-01 10:40:12.9904 [WARN] PING	Job not running because wizard is not finished 
2022-02-01 10:45:13.1694 [WARN] PING	Job not running because wizard is not finished 
2022-02-01 10:50:13.2615 [WARN] PING	Job not running because wizard is not finished 
2022-02-01 10:55:13.6010 [WARN] PING	Job not running because wizard is not finished 
2022-02-01 11:00:13.9664 [WARN] PING	Job not running because wizard is not finished 
2022-02-01 11:05:14.0744 [WARN] PING	Job not running because wizard is not finished 
2022-02-01 11:10:14.1694 [WARN] PING	Job not running because wizard is not finished 
2022-02-01 11:15:14.3069 [WARN] PING	Job not running because wizard is not finished 
2022-02-01 11:20:14.4514 [WARN] PING	Job not running because wizard is not finished 
2022-02-01 11:25:14.5687 [WARN] PING	Job not running because wizard is not finished 
2022-02-01 11:30:14.6756 [WARN] PING	Job not running because wizard is not finished 
2022-02-01 11:35:14.7830 [WARN] PING	Job not running because wizard is not finished 
2022-02-01 11:40:14.9112 [WARN] PING	Job not running because wizard is not finished 
2022-02-01 11:45:15.1767 [WARN] PING	Job not running because wizard is not finished 
2022-02-01 11:50:15.2843 [WARN] PING	Job not running because wizard is not finished 
2022-02-01 11:55:15.3906 [WARN] PING	Job not running because wizard is not finished 
2022-02-01 12:00:15.5109 [WARN] PING	Job not running because wizard is not finished 
2022-02-01 12:05:15.6236 [WARN] PING	Job not running because wizard is not finished 
2022-02-01 12:10:15.7345 [WARN] PING	Job not running because wizard is not finished 
2022-02-01 12:15:15.8513 [WARN] PING	Job not running because wizard is not finished 
2022-02-01 12:20:15.9766 [WARN] PING	Job not running because wizard is not finished 
2022-02-01 12:25:16.0894 [WARN] PING	Job not running because wizard is not finished 
2022-02-01 12:30:16.2271 [WARN] PING	Job not running because wizard is not finished 
2022-02-01 12:35:16.3319 [WARN] PING	Job not running because wizard is not finished 
2022-02-01 12:40:16.4491 [WARN] PING	Job not running because wizard is not finished 
2022-02-01 12:45:16.5581 [WARN] PING	Job not running because wizard is not finished 
2022-02-01 12:50:16.6800 [WARN] PING	Job not running because wizard is not finished 
2022-02-01 12:55:16.7878 [WARN] PING	Job not running because wizard is not finished 
2022-02-01 13:00:16.8911 [WARN] PING	Job not running because wizard is not finished 
2022-02-01 13:05:17.0713 [WARN] PING	Job not running because wizard is not finished 
2022-02-01 13:10:17.2411 [WARN] PING	Job not running because wizard is not finished 
2022-02-01 13:15:17.3530 [WARN] PING	Job not running because wizard is not finished 
2022-02-01 13:20:17.4688 [WARN] PING	Job not running because wizard is not finished 
2022-02-01 13:25:17.5850 [WARN] PING	Job not running because wizard is not finished 
2022-02-01 13:30:17.6906 [WARN] PING	Job not running because wizard is not finished 
2022-02-01 13:35:17.8094 [WARN] PING	Job not running because wizard is not finished 
2022-02-01 13:40:17.9301 [WARN] PING	Job not running because wizard is not finished 
2022-02-01 13:45:18.0496 [WARN] PING	Job not running because wizard is not finished 
2022-02-01 13:50:18.1773 [WARN] PING	Job not running because wizard is not finished 
2022-02-01 13:55:18.3661 [WARN] PING	Job not running because wizard is not finished 
2022-02-01 14:00:03.6403 [WARN] PING	Job not running because wizard is not finished 
2022-02-01 14:05:03.7524 [WARN] PING	Job not running because wizard is not finished 
2022-02-01 14:10:03.8686 [WARN] PING	Job not running because wizard is not finished 
2022-02-01 14:15:04.0849 [WARN] PING	Job not running because wizard is not finished 
2022-02-01 14:20:04.1954 [WARN] PING	Job not running because wizard is not finished 
2022-02-01 14:25:04.2949 [WARN] PING	Job not running because wizard is not finished 
2022-02-01 14:30:04.4136 [WARN] PING	Job not running because wizard is not finished 
